{
  "RSpec": {
    "coverage": {
      "/Users/ashwin/Turing/misc/alt-fuel-finder/spec/controllers/transportation_fuel_controller_spec.rb": [
        1,
        null,
        1,
        1,
        1,
        null,
        null,
        null,
        null,
        null,
        null,
        null,
        null,
        1,
        1,
        1,
        null,
        0,
        null,
        null,
        null
      ],
      "/Users/ashwin/Turing/misc/alt-fuel-finder/spec/rails_helper.rb": [
        null,
        1,
        1,
        null,
        1,
        1,
        1,
        null,
        null,
        null,
        null,
        null,
        null,
        null,
        null,
        null,
        null,
        null,
        null,
        null,
        null,
        null,
        null,
        null,
        null,
        null,
        1,
        null,
        1,
        null,
        null,
        null,
        null,
        null,
        null,
        1,
        null,
        null,
        null,
        null,
        null,
        null,
        null,
        null,
        null,
        null,
        null,
        null,
        null,
        null,
        1,
        null,
        null,
        1,
        null,
        null,
        1,
        null,
        1,
        1,
        null,
        null,
        1,
        1,
        null,
        null,
        1,
        1,
        null,
        null,
        1,
        1,
        null,
        null,
        null,
        null,
        1,
        1,
        1,
        1,
        null,
        null
      ],
      "/Users/ashwin/Turing/misc/alt-fuel-finder/config/environment.rb": [
        null,
        1,
        null,
        null,
        1
      ],
      "/Users/ashwin/Turing/misc/alt-fuel-finder/config/application.rb": [
        1,
        null,
        1,
        null,
        null,
        null,
        1,
        null,
        1,
        1,
        null,
        null,
        null,
        null,
        null,
        null,
        null,
        null,
        null,
        null,
        null,
        null,
        null,
        1,
        null,
        null
      ],
      "/Users/ashwin/Turing/misc/alt-fuel-finder/config/boot.rb": [
        1,
        null,
        1
      ],
      "/Users/ashwin/Turing/misc/alt-fuel-finder/config/environments/test.rb": [
        1,
        null,
        null,
        null,
        null,
        null,
        null,
        1,
        null,
        null,
        null,
        null,
        1,
        null,
        null,
        1,
        1,
        null,
        null,
        1,
        1,
        null,
        null,
        1,
        null,
        null,
        1,
        null,
        null,
        null,
        null,
        1,
        null,
        null,
        1,
        null,
        null,
        1,
        null,
        null,
        null,
        null
      ],
      "/Users/ashwin/Turing/misc/alt-fuel-finder/config/initializers/assets.rb": [
        null,
        null,
        null,
        1,
        null,
        null,
        null,
        null,
        null,
        null,
        null
      ],
      "/Users/ashwin/Turing/misc/alt-fuel-finder/config/initializers/backtrace_silencers.rb": [
        null,
        null,
        null,
        null,
        null,
        null,
        null
      ],
      "/Users/ashwin/Turing/misc/alt-fuel-finder/config/initializers/cookies_serializer.rb": [
        null,
        null,
        1
      ],
      "/Users/ashwin/Turing/misc/alt-fuel-finder/config/initializers/filter_parameter_logging.rb": [
        null,
        null,
        null,
        1
      ],
      "/Users/ashwin/Turing/misc/alt-fuel-finder/config/initializers/inflections.rb": [
        null,
        null,
        null,
        null,
        null,
        null,
        null,
        null,
        null,
        null,
        null,
        null,
        null,
        null,
        null,
        null
      ],
      "/Users/ashwin/Turing/misc/alt-fuel-finder/config/initializers/mime_types.rb": [
        null,
        null,
        null,
        null
      ],
      "/Users/ashwin/Turing/misc/alt-fuel-finder/config/initializers/pusher.rb": [
        1,
        1,
        1,
        null,
        null,
        null
      ],
      "/Users/ashwin/Turing/misc/alt-fuel-finder/config/initializers/session_store.rb": [
        null,
        null,
        1
      ],
      "/Users/ashwin/Turing/misc/alt-fuel-finder/config/initializers/wrap_parameters.rb": [
        null,
        null,
        null,
        null,
        null,
        null,
        1,
        1,
        null,
        null,
        null,
        null,
        null,
        null
      ],
      "/Users/ashwin/Turing/misc/alt-fuel-finder/config/routes.rb": [
        1,
        1,
        1,
        null
      ],
      "/Users/ashwin/Turing/misc/alt-fuel-finder/app/helpers/application_helper.rb": [
        1,
        null
      ],
      "/Users/ashwin/Turing/misc/alt-fuel-finder/app/controllers/transportation_fuel_controller.rb": [
        1,
        1,
        1,
        1,
        1,
        1,
        null,
        null
      ],
      "/Users/ashwin/Turing/misc/alt-fuel-finder/app/controllers/application_controller.rb": [
        1,
        null,
        null,
        1,
        null
      ],
      "/Users/ashwin/Turing/misc/alt-fuel-finder/app/controllers/search_controller.rb": [
        1,
        1,
        null,
        null,
        1,
        0,
        0,
        null,
        null
      ]
    },
    "timestamp": 1465229539
  }
}
